<?xml version="1.0" encoding="UTF-8"?>
<!-- Generated by org.testng.reporters.JUnitReportReporter -->
<testsuite skipped="0" hostname="god-PC" name="com.practo.test.TopCitiesTest" tests="1" failures="0" timestamp="29 Sep 2021 06:43:43 GMT" time="16.374" errors="0">
  <testcase name="countCities" time="16.374" classname="com.practo.test.TopCitiesTest"/>
</testsuite> <!-- com.practo.test.TopCitiesTest -->
