<?xml version="1.0" encoding="UTF-8"?>
<!-- Generated by org.testng.reporters.JUnitReportReporter -->
<testsuite skipped="0" hostname="god-PC" name="com.practo.test.SearchResultsTest" tests="1" failures="0" timestamp="29 Sep 2021 06:43:43 GMT" time="18.066" errors="0">
  <testcase name="checkSearchPage" time="18.066" classname="com.practo.test.SearchResultsTest"/>
</testsuite> <!-- com.practo.test.SearchResultsTest -->
