<?xml version="1.0" encoding="UTF-8"?>
<!-- Generated by org.testng.reporters.JUnitReportReporter -->
<testsuite hostname="LAPTOP-8I1OEMH6" failures="0" tests="1" name="com.practo.test.SearchResultsTest" time="38.045" errors="0" timestamp="2021-10-04T09:26:23 IST" skipped="0">
  <testcase classname="com.practo.test.SearchResultsTest" name="checkSearchPage" time="38.045"/>
  <system-out/>
</testsuite> <!-- com.practo.test.SearchResultsTest -->
