<?xml version="1.0" encoding="UTF-8"?>
<!-- Generated by org.testng.reporters.JUnitReportReporter -->
<testsuite hostname="LAPTOP-8I1OEMH6" failures="0" tests="1" name="com.practo.test.TopCitiesTest" time="23.881" errors="0" timestamp="2021-10-04T09:26:23 IST" skipped="0">
  <testcase classname="com.practo.test.TopCitiesTest" name="countCities" time="23.881"/>
  <system-out/>
</testsuite> <!-- com.practo.test.TopCitiesTest -->
