<?xml version="1.0" encoding="UTF-8"?>
<!-- Generated by org.testng.reporters.JUnitReportReporter -->
<testsuite hostname="LAPTOP-8I1OEMH6" failures="0" tests="1" name="com.practo.test.AlertTest" time="0.000" errors="0" timestamp="2021-10-04T09:26:23 IST" skipped="1">
  <testcase classname="com.practo.test.AlertTest" name="alertMessage" time="0.000">
    <skipped/>
  </testcase> <!-- alertMessage -->
  <system-out/>
</testsuite> <!-- com.practo.test.AlertTest -->
